test11.25.obj : error LNK2019: 无法解析的外部符号 _Add，函数 _main 中引用了该符号
G:\Study\C++\C\Code_CStudy\Debug\Code_CStudy.exe : fatal error LNK1120: 1 个无法解析的外部命令
